<?xml version="1.0" encoding="UTF-8"?>
<testsuite xmlns:xsi="http://www.w3.org/2001/XMLSchema-instance" xsi:noNamespaceSchemaLocation="https://maven.apache.org/surefire/maven-surefire-plugin/xsd/surefire-test-report.xsd" name="com.hcl.icontrol.jenkins.TextUtilsTest" time="0.001" tests="3" errors="0" skipped="0" failures="0">
  <properties>
[...]
</properties>
  <testcase name="should generate lowercase random string prefixed" classname="com.hcl.icontrol.jenkins.TextUtilsTest" time="0"/>
  <testcase name="should sanitize non-allowed chars from image tag" classname="com.hcl.icontrol.jenkins.TextUtilsTest" time="0"/>
  <testcase name="should sanitize non-allowed chars from cache key" classname="com.hcl.icontrol.jenkins.TextUtilsTest" time="0"/>
</testsuite>